<?xml version="1.1" encoding="UTF-8"?>
<testsuite name="PangramsTest" tests="10" failures="0" errors="0" timestamp="2017-01-31T15:55:08" hostname="unb-x-anto" time="0.025">
  <properties/>
  <testcase name="anotherMissingCharacterX" classname="PangramsTest" time="0.008"/>
  <testcase name="missingLettersReplacedByNumbers" classname="PangramsTest" time="0.001"/>
  <testcase name="pangramWithMixedCaseAndPunctuation" classname="PangramsTest" time="0.001"/>
  <testcase name="pangramWithOnlyLowerCase" classname="PangramsTest" time="0.001"/>
  <testcase name="pangramWithNumbers" classname="PangramsTest" time="0.0"/>
  <testcase name="pangramWithUnderscores" classname="PangramsTest" time="0.0"/>
  <testcase name="panagramInAlphabetOtherThanAscii" classname="PangramsTest" time="0.002"/>
  <testcase name="sentenceEmpty" classname="PangramsTest" time="0.0"/>
  <testcase name="pangramWithNonAsciiCharacters" classname="PangramsTest" time="0.0"/>
  <testcase name="missingCharacterX" classname="PangramsTest" time="0.0"/>
  <system-out><![CDATA[]]></system-out>
  <system-err><![CDATA[]]></system-err>
</testsuite>
